<?xml version="1.0" encoding="UTF-8"?>
<!-- Generated by org.testng.reporters.JUnitXMLReporter -->
<testsuite ignored="1" hostname="DESKTOP-U1QGVAS" failures="0" tests="2" name="Default test" time="0.106" errors="0" timestamp="2023-03-27T19:45:14 EDT">
  <testcase classname="testng.TestNGPractice" name="f" time="0.016"/>
  <testcase classname="testng.TestNGPractice" name="x" time="0.003"/>
  <testcase classname="testng.TestNGPractice" name="b" time="0.0">
    <ignored/>
  </testcase> <!-- b -->
</testsuite> <!-- Default test -->
