<?xml version="1.0" encoding="UTF-8"?>
<testng-results ignored="1" total="3" passed="2" failed="0" skipped="0">
  <reporter-output>
  </reporter-output>
  <suite started-at="2023-03-27T19:45:14 EDT" name="Default suite" finished-at="2023-03-27T19:45:14 EDT" duration-ms="106">
    <groups>
    </groups>
    <test started-at="2023-03-27T19:45:14 EDT" name="Default test" finished-at="2023-03-27T19:45:14 EDT" duration-ms="106">
      <class name="testng.TestNGPractice">
        <test-method signature="f()[pri:1, instance:testng.TestNGPractice@32502377]" started-at="2023-03-27T19:45:14 EDT" name="f" finished-at="2023-03-27T19:45:14 EDT" duration-ms="16" status="PASS">
          <reporter-output>
          </reporter-output>
        </test-method> <!-- f -->
        <test-method signature="x()[pri:2, instance:testng.TestNGPractice@32502377]" started-at="2023-03-27T19:45:14 EDT" name="x" finished-at="2023-03-27T19:45:14 EDT" duration-ms="3" status="PASS">
          <reporter-output>
          </reporter-output>
        </test-method> <!-- x -->
      </class> <!-- testng.TestNGPractice -->
    </test> <!-- Default test -->
  </suite> <!-- Default suite -->
</testng-results>
